<?xml version="1.0" encoding="UTF-8"?>
<robot generator="Robot 3.1.2 (Python 3.8.0 on win32)" generated="20200524 11:03:38.602" rpa="false">
<suite id="s1" name="Smoke Suite" source="C:\Users\Beauty\eclipse-workspace\eRail_RobotProject\Smoke_Suite">
<kw name="Before Smoke Suite" type="setup">
<doc>Execution of test suite under Smoke Suite folder starts</doc>
<kw name="Log" library="BuiltIn">
<doc>Logs the given message with the given level.</doc>
<arguments>
<arg>Execution of Smoke suite started</arg>
</arguments>
<msg timestamp="20200524 11:03:41.025" level="INFO">Execution of Smoke suite started</msg>
<status status="PASS" starttime="20200524 11:03:41.025" endtime="20200524 11:03:41.025"></status>
</kw>
<status status="PASS" starttime="20200524 11:03:41.025" endtime="20200524 11:03:41.025"></status>
</kw>
<suite id="s1-s1" name="loginTest Smoke" source="C:\Users\Beauty\eclipse-workspace\eRail_RobotProject\Smoke_Suite\loginTest_Smoke.robot">
<test id="s1-s1-t1" name="Test Login">
<kw name="launchApp and maximize" library="Resources_eRail" type="setup">
<doc>method or keyword with argument</doc>
<arguments>
<arg>${url}</arg>
</arguments>
<kw name="Open Browser" library="SeleniumLibrary">
<doc>Opens a new browser instance to the optional ``url``.</doc>
<arguments>
<arg>${url}</arg>
<arg>chrome</arg>
</arguments>
<msg timestamp="20200524 11:03:41.166" level="INFO">Opening browser 'chrome' to base url 'https://erail.in/'.</msg>
<status status="PASS" starttime="20200524 11:03:41.166" endtime="20200524 11:03:54.649"></status>
</kw>
<kw name="Maximize Browser Window" library="SeleniumLibrary">
<doc>Maximizes current browser window.</doc>
<status status="PASS" starttime="20200524 11:03:54.650" endtime="20200524 11:04:07.049"></status>
</kw>
<status status="PASS" starttime="20200524 11:03:41.166" endtime="20200524 11:04:07.078"></status>
</kw>
<kw name="Clear Element Text" library="SeleniumLibrary">
<doc>Clears the value of the text-input-element identified by ``locator``.</doc>
<arguments>
<arg>id=txtStationFrom</arg>
</arguments>
<status status="PASS" starttime="20200524 11:04:07.115" endtime="20200524 11:04:07.337"></status>
</kw>
<kw name="Input Text" library="SeleniumLibrary">
<doc>Types the given ``text`` into the text field identified by ``locator``.</doc>
<arguments>
<arg>id=txtStationFrom</arg>
<arg>@{cityname}[0]</arg>
</arguments>
<msg timestamp="20200524 11:04:07.339" level="INFO">Typing text 'BhopalJn' into text field 'id=txtStationFrom'.</msg>
<status status="PASS" starttime="20200524 11:04:07.338" endtime="20200524 11:04:08.152"></status>
</kw>
<kw name="Press Keys" library="SeleniumLibrary">
<doc>Simulates the user pressing key(s) to an element or on the active browser.</doc>
<arguments>
<arg>id=txtStationFrom</arg>
<arg>ENTER</arg>
</arguments>
<msg timestamp="20200524 11:04:08.153" level="INFO">Sending key(s) ('ENTER',) to id=txtStationFrom element.</msg>
<msg timestamp="20200524 11:04:08.163" level="INFO">Pressing special key ENTER to element.</msg>
<status status="PASS" starttime="20200524 11:04:08.152" endtime="20200524 11:04:08.764"></status>
</kw>
<kw name="Get Location" library="SeleniumLibrary">
<doc>Returns the current browser window URL.</doc>
<assign>
<var>${currenturl}</var>
</assign>
<msg timestamp="20200524 11:04:08.778" level="INFO">${currenturl} = https://erail.in/</msg>
<status status="PASS" starttime="20200524 11:04:08.767" endtime="20200524 11:04:08.778"></status>
</kw>
<kw name="Log" library="BuiltIn">
<doc>Logs the given message with the given level.</doc>
<arguments>
<arg>${currenturl}</arg>
</arguments>
<msg timestamp="20200524 11:04:08.779" level="INFO">https://erail.in/</msg>
<status status="PASS" starttime="20200524 11:04:08.779" endtime="20200524 11:04:08.779"></status>
</kw>
<kw name="close browser and take screenshot" library="Resources_eRail" type="teardown">
<doc>close the browser and take the screenshot</doc>
<kw name="Capture Page Screenshot" library="SeleniumLibrary">
<doc>Takes a screenshot of the current page and embeds it into a log file.</doc>
<arguments>
<arg>././snapshots/screenshot.png</arg>
</arguments>
<msg timestamp="20200524 11:04:09.647" level="INFO" html="yes">&lt;/td&gt;&lt;/tr&gt;&lt;tr&gt;&lt;td colspan="3"&gt;&lt;a href="snapshots/screenshot.png"&gt;&lt;img src="snapshots/screenshot.png" width="800px"&gt;&lt;/a&gt;</msg>
<status status="PASS" starttime="20200524 11:04:08.780" endtime="20200524 11:04:09.647"></status>
</kw>
<kw name="Close All Browsers" library="SeleniumLibrary">
<doc>Closes all open browsers and resets the browser cache.</doc>
<status status="PASS" starttime="20200524 11:04:09.647" endtime="20200524 11:04:12.159"></status>
</kw>
<status status="PASS" starttime="20200524 11:04:08.780" endtime="20200524 11:04:12.159"></status>
</kw>
<tags>
<tag>ALL_TC</tag>
<tag>Smoke</tag>
</tags>
<status status="PASS" starttime="20200524 11:03:41.166" endtime="20200524 11:04:12.159" critical="yes"></status>
</test>
<status status="PASS" starttime="20200524 11:03:41.025" endtime="20200524 11:04:12.159"></status>
</suite>
<kw name="After Smoke Suite" type="teardown">
<doc>Execution of test suite under Smoke Suite folder ended</doc>
<kw name="Log" library="BuiltIn">
<doc>Logs the given message with the given level.</doc>
<arguments>
<arg>Execution of Smoke suite ended</arg>
</arguments>
<msg timestamp="20200524 11:04:12.159" level="INFO">Execution of Smoke suite ended</msg>
<status status="PASS" starttime="20200524 11:04:12.159" endtime="20200524 11:04:12.159"></status>
</kw>
<status status="PASS" starttime="20200524 11:04:12.159" endtime="20200524 11:04:12.159"></status>
</kw>
<status status="PASS" starttime="20200524 11:03:38.602" endtime="20200524 11:04:12.159"></status>
</suite>
<statistics>
<total>
<stat pass="1" fail="0">Critical Tests</stat>
<stat pass="1" fail="0">All Tests</stat>
</total>
<tag>
<stat pass="1" fail="0">ALL_TC</stat>
<stat pass="1" fail="0">Smoke</stat>
</tag>
<suite>
<stat pass="1" fail="0" id="s1" name="Smoke Suite">Smoke Suite</stat>
<stat pass="1" fail="0" id="s1-s1" name="loginTest Smoke">Smoke Suite.loginTest Smoke</stat>
</suite>
</statistics>
<errors>
</errors>
</robot>
